<?xml version="1.0" encoding="UTF-8"?>
<testsuite xmlns:xsi="http://www.w3.org/2001/XMLSchema-instance" xsi:noNamespaceSchemaLocation="https://maven.apache.org/surefire/maven-surefire-plugin/xsd/surefire-test-report-3.0.xsd" version="3.0" name="com.helpdesk.service.HelpDeskServiceTest" time="0.775" tests="7" errors="0" skipped="0" failures="0">
  <properties>
[...]
</properties>
  <testcase name="testGetAllCustomers" classname="com.helpdesk.service.HelpDeskServiceTest" time="0.429">
    <system-out><![CDATA[Database connection established successfully!
Database connection established successfully!
Database connection established successfully!
Database connection established successfully!
]]></system-out>
  </testcase>
  <testcase name="testTicketAssignment" classname="com.helpdesk.service.HelpDeskServiceTest" time="0.112">
    <system-out><![CDATA[Database connection established successfully!
Database connection established successfully!
Database connection established successfully!
Database connection established successfully!
Database connection established successfully!
Database connection established successfully!
Database connection established successfully!
]]></system-out>
  </testcase>
  <testcase name="testTicketCreation" classname="com.helpdesk.service.HelpDeskServiceTest" time="0.07">
    <system-out><![CDATA[Database connection established successfully!
Database connection established successfully!
Database connection established successfully!
Database connection established successfully!
Database connection established successfully!
]]></system-out>
  </testcase>
  <testcase name="testAgentRegistration" classname="com.helpdesk.service.HelpDeskServiceTest" time="0.027">
    <system-out><![CDATA[Database connection established successfully!
Database connection established successfully!
]]></system-out>
  </testcase>
  <testcase name="testCustomerRegistration" classname="com.helpdesk.service.HelpDeskServiceTest" time="0.037">
    <system-out><![CDATA[Database connection established successfully!
Database connection established successfully!
Database connection established successfully!
]]></system-out>
  </testcase>
  <testcase name="testDuplicateCustomerEmail" classname="com.helpdesk.service.HelpDeskServiceTest" time="0.033">
    <system-out><![CDATA[Database connection established successfully!
Database connection established successfully!
Database connection established successfully!
]]></system-out>
  </testcase>
  <testcase name="testPerformanceReports" classname="com.helpdesk.service.HelpDeskServiceTest" time="0.034">
    <system-out><![CDATA[Database connection established successfully!
Database connection established successfully!
Database connection established successfully!
]]></system-out>
  </testcase>
</testsuite>